2025-09-29 02:01:55 - Updating configuration...
2025-09-29 02:01:55 - Configuration updated successfully!
2025-09-29 02:01:55 - Restarting cloudflared service...
2025-09-29 02:01:56 - Saving configuration to GitHub...
2025-09-29 02:01:58 - Configuration update process completed!
2025-09-29 02:02:14 - Updating configuration...
2025-09-29 02:02:14 - Configuration updated successfully!
2025-09-29 02:02:14 - Restarting cloudflared service...
2025-09-29 02:02:15 - Saving configuration to GitHub...
2025-09-29 02:02:17 - Configuration update process completed!
2025-09-29 03:50:58 - Updating configuration...
2025-09-29 03:50:58 - Configuration updated successfully!
2025-09-29 03:50:58 - Restarting cloudflared service...
2025-09-29 03:50:59 - Saving configuration to GitHub...
2025-09-29 03:51:01 - Configuration update process completed!
2025-09-29 03:56:59 - No changes detected in subdomains.json, skipping update.
2025-09-29 10:06:13 - Updating configuration...
2025-09-29 10:06:13 - Configuration updated successfully!
2025-09-29 10:06:13 - Restarting cloudflared service...
2025-09-29 10:06:14 - Saving configuration to GitHub...
